0 info it worked if it ends with ok
1 verbose cli [ '/usr/bin/node', '/usr/bin/npm', 'install' ]
2 info using npm@3.5.2
3 info using node@v8.10.0
4 silly loadCurrentTree Starting
5 silly install loadCurrentTree
6 silly install readLocalPackageData
7 silly install normalizeTree
8 silly loadCurrentTree Finishing
9 silly loadIdealTree Starting
10 silly install loadIdealTree
11 silly cloneCurrentTree Starting
12 silly install cloneCurrentTreeToIdealTree
13 silly cloneCurrentTree Finishing
14 silly loadShrinkwrap Starting
15 silly install loadShrinkwrap
16 silly loadShrinkwrap Finishing
17 silly loadAllDepsIntoIdealTree Starting
18 silly install loadAllDepsIntoIdealTree
19 silly fetchNamedPackageData @babel/runtime
20 silly mapToRegistry name @babel/runtime
21 silly mapToRegistry scope (from package name) @babel
22 verbose mapToRegistry no registry URL found in name for scope @babel
23 silly mapToRegistry using default registry
24 silly mapToRegistry registry https://registry.npmjs.org/
25 silly mapToRegistry uri https://registry.npmjs.org/@babel%2fruntime
26 silly fetchNamedPackageData @material-ui/core
27 silly mapToRegistry name @material-ui/core
28 silly mapToRegistry scope (from package name) @material-ui
29 verbose mapToRegistry no registry URL found in name for scope @material-ui
30 silly mapToRegistry using default registry
31 silly mapToRegistry registry https://registry.npmjs.org/
32 silly mapToRegistry uri https://registry.npmjs.org/@material-ui%2fcore
33 silly fetchNamedPackageData axios
34 silly mapToRegistry name axios
35 silly mapToRegistry using default registry
36 silly mapToRegistry registry https://registry.npmjs.org/
37 silly mapToRegistry uri https://registry.npmjs.org/axios
38 silly fetchNamedPackageData body-parser
39 silly mapToRegistry name body-parser
40 silly mapToRegistry using default registry
41 silly mapToRegistry registry https://registry.npmjs.org/
42 silly mapToRegistry uri https://registry.npmjs.org/body-parser
43 silly fetchNamedPackageData cookie-parser
44 silly mapToRegistry name cookie-parser
45 silly mapToRegistry using default registry
46 silly mapToRegistry registry https://registry.npmjs.org/
47 silly mapToRegistry uri https://registry.npmjs.org/cookie-parser
48 silly fetchNamedPackageData dotenv
49 silly mapToRegistry name dotenv
50 silly mapToRegistry using default registry
51 silly mapToRegistry registry https://registry.npmjs.org/
52 silly mapToRegistry uri https://registry.npmjs.org/dotenv
53 silly fetchNamedPackageData express
54 silly mapToRegistry name express
55 silly mapToRegistry using default registry
56 silly mapToRegistry registry https://registry.npmjs.org/
57 silly mapToRegistry uri https://registry.npmjs.org/express
58 silly fetchNamedPackageData gql-query-builder
59 silly mapToRegistry name gql-query-builder
60 silly mapToRegistry using default registry
61 silly mapToRegistry registry https://registry.npmjs.org/
62 silly mapToRegistry uri https://registry.npmjs.org/gql-query-builder
63 silly fetchNamedPackageData js-cookie
64 silly mapToRegistry name js-cookie
65 silly mapToRegistry using default registry
66 silly mapToRegistry registry https://registry.npmjs.org/
67 silly mapToRegistry uri https://registry.npmjs.org/js-cookie
68 silly fetchNamedPackageData morgan
69 silly mapToRegistry name morgan
70 silly mapToRegistry using default registry
71 silly mapToRegistry registry https://registry.npmjs.org/
72 silly mapToRegistry uri https://registry.npmjs.org/morgan
73 silly fetchNamedPackageData prop-types
74 silly mapToRegistry name prop-types
75 silly mapToRegistry using default registry
76 silly mapToRegistry registry https://registry.npmjs.org/
77 silly mapToRegistry uri https://registry.npmjs.org/prop-types
78 silly fetchNamedPackageData react
79 silly mapToRegistry name react
80 silly mapToRegistry using default registry
81 silly mapToRegistry registry https://registry.npmjs.org/
82 silly mapToRegistry uri https://registry.npmjs.org/react
83 silly fetchNamedPackageData react-dom
84 silly mapToRegistry name react-dom
85 silly mapToRegistry using default registry
86 silly mapToRegistry registry https://registry.npmjs.org/
87 silly mapToRegistry uri https://registry.npmjs.org/react-dom
88 silly fetchNamedPackageData react-google-charts
89 silly mapToRegistry name react-google-charts
90 silly mapToRegistry using default registry
91 silly mapToRegistry registry https://registry.npmjs.org/
92 silly mapToRegistry uri https://registry.npmjs.org/react-google-charts
93 silly fetchNamedPackageData react-helmet
94 silly mapToRegistry name react-helmet
95 silly mapToRegistry using default registry
96 silly mapToRegistry registry https://registry.npmjs.org/
97 silly mapToRegistry uri https://registry.npmjs.org/react-helmet
98 silly fetchNamedPackageData react-redux
99 silly mapToRegistry name react-redux
100 silly mapToRegistry using default registry
101 silly mapToRegistry registry https://registry.npmjs.org/
102 silly mapToRegistry uri https://registry.npmjs.org/react-redux
103 silly fetchNamedPackageData react-router-dom
104 silly mapToRegistry name react-router-dom
105 silly mapToRegistry using default registry
106 silly mapToRegistry registry https://registry.npmjs.org/
107 silly mapToRegistry uri https://registry.npmjs.org/react-router-dom
108 silly fetchNamedPackageData redux
109 silly mapToRegistry name redux
110 silly mapToRegistry using default registry
111 silly mapToRegistry registry https://registry.npmjs.org/
112 silly mapToRegistry uri https://registry.npmjs.org/redux
113 silly fetchNamedPackageData redux-thunk
114 silly mapToRegistry name redux-thunk
115 silly mapToRegistry using default registry
116 silly mapToRegistry registry https://registry.npmjs.org/
117 silly mapToRegistry uri https://registry.npmjs.org/redux-thunk
118 silly fetchNamedPackageData styled-jsx
119 silly mapToRegistry name styled-jsx
120 silly mapToRegistry using default registry
121 silly mapToRegistry registry https://registry.npmjs.org/
122 silly mapToRegistry uri https://registry.npmjs.org/styled-jsx
123 silly fetchNamedPackageData validator
124 silly mapToRegistry name validator
125 silly mapToRegistry using default registry
126 silly mapToRegistry registry https://registry.npmjs.org/
127 silly mapToRegistry uri https://registry.npmjs.org/validator
128 verbose request uri https://registry.npmjs.org/@babel%2fruntime
129 verbose request no auth needed
130 info attempt registry request try #1 at 8:28:38 PM
131 verbose request id f50f81e97bbef697
132 verbose etag W/"13597825c58844e5ea446ab80fa74a0d"
133 verbose lastModified Tue, 03 Nov 2020 22:34:23 GMT
134 http request GET https://registry.npmjs.org/@babel%2fruntime
135 verbose request uri https://registry.npmjs.org/dotenv
136 verbose request no auth needed
137 info attempt registry request try #1 at 8:28:38 PM
138 verbose etag W/"eb436f22633dd89c882317c4b26f3166"
139 verbose lastModified Fri, 21 Feb 2020 20:38:27 GMT
140 http request GET https://registry.npmjs.org/dotenv
141 verbose request uri https://registry.npmjs.org/body-parser
142 verbose request no auth needed
143 info attempt registry request try #1 at 8:28:38 PM
144 verbose etag W/"69165633b8917311c8a5b29b5aa3a438"
145 verbose lastModified Fri, 29 Nov 2019 09:32:45 GMT
146 http request GET https://registry.npmjs.org/body-parser
147 verbose request uri https://registry.npmjs.org/cookie-parser
148 verbose request no auth needed
149 info attempt registry request try #1 at 8:28:38 PM
150 verbose etag W/"fee07e27bb4929bc05bd46d462320fb9"
151 verbose lastModified Sun, 15 Mar 2020 04:07:20 GMT
152 http request GET https://registry.npmjs.org/cookie-parser
153 verbose request uri https://registry.npmjs.org/axios
154 verbose request no auth needed
155 info attempt registry request try #1 at 8:28:38 PM
156 verbose etag W/"2093657dd5fd4d95e9e312b6a34c5692"
157 verbose lastModified Tue, 22 Dec 2020 04:23:15 GMT
158 http request GET https://registry.npmjs.org/axios
159 verbose request uri https://registry.npmjs.org/gql-query-builder
160 verbose request no auth needed
161 info attempt registry request try #1 at 8:28:38 PM
162 verbose etag W/"d01312c517af696ac9b67799240ce2a8"
163 verbose lastModified Sun, 20 Dec 2020 09:26:24 GMT
164 http request GET https://registry.npmjs.org/gql-query-builder
165 verbose request uri https://registry.npmjs.org/js-cookie
166 verbose request no auth needed
167 info attempt registry request try #1 at 8:28:38 PM
168 verbose etag W/"4afc459a560f5d4d98a26b9bcb9bff0a"
169 verbose lastModified Tue, 08 Sep 2020 13:10:17 GMT
170 http request GET https://registry.npmjs.org/js-cookie
171 verbose request uri https://registry.npmjs.org/morgan
172 verbose request no auth needed
173 info attempt registry request try #1 at 8:28:38 PM
174 verbose etag W/"f426cc89ff0a3e18d6a5f0ce7c52378e"
175 verbose lastModified Sun, 12 Jul 2020 14:11:04 GMT
176 http request GET https://registry.npmjs.org/morgan
177 verbose request uri https://registry.npmjs.org/prop-types
178 verbose request no auth needed
179 info attempt registry request try #1 at 8:28:38 PM
180 verbose etag W/"c63058c9bdd2745da8d68a9c4f42150c"
181 verbose lastModified Sat, 13 Jun 2020 18:10:02 GMT
182 http request GET https://registry.npmjs.org/prop-types
183 verbose request uri https://registry.npmjs.org/@material-ui%2fcore
184 verbose request no auth needed
185 info attempt registry request try #1 at 8:28:38 PM
186 verbose etag W/"0dce39dc3ee0f8f53dae8e67cb451f10"
187 verbose lastModified Thu, 14 Jan 2021 12:50:47 GMT
188 http request GET https://registry.npmjs.org/@material-ui%2fcore
189 verbose request uri https://registry.npmjs.org/express
190 verbose request no auth needed
191 info attempt registry request try #1 at 8:28:38 PM
192 verbose etag W/"b02a21fdbe09707e9f7c8992466ba40a"
193 verbose lastModified Fri, 06 Nov 2020 02:46:32 GMT
194 http request GET https://registry.npmjs.org/express
195 verbose request uri https://registry.npmjs.org/react-helmet
196 verbose request no auth needed
197 info attempt registry request try #1 at 8:28:38 PM
198 verbose etag W/"7af5f2e7fef8a09847f6ac3cf1ca2b09"
199 verbose lastModified Wed, 19 Aug 2020 02:34:41 GMT
200 http request GET https://registry.npmjs.org/react-helmet
201 verbose request uri https://registry.npmjs.org/react-google-charts
202 verbose request no auth needed
203 info attempt registry request try #1 at 8:28:38 PM
204 verbose etag W/"990280b36c2e1bf205e92a363d14d924"
205 verbose lastModified Fri, 30 Aug 2019 16:03:47 GMT
206 http request GET https://registry.npmjs.org/react-google-charts
207 verbose request uri https://registry.npmjs.org/react-router-dom
208 verbose request no auth needed
209 info attempt registry request try #1 at 8:28:38 PM
210 verbose etag W/"41807de180036e00c240ef76a9216088"
211 verbose lastModified Fri, 19 Jun 2020 23:05:33 GMT
212 http request GET https://registry.npmjs.org/react-router-dom
213 verbose request uri https://registry.npmjs.org/react
214 verbose request no auth needed
215 info attempt registry request try #1 at 8:28:38 PM
216 verbose etag W/"22ce78c48ca22349b76d881e5a91813e"
217 verbose lastModified Thu, 14 Jan 2021 07:22:03 GMT
218 http request GET https://registry.npmjs.org/react
219 verbose request uri https://registry.npmjs.org/redux-thunk
220 verbose request no auth needed
221 info attempt registry request try #1 at 8:28:38 PM
222 verbose etag W/"cc72fa529c7d9bfca25bcbae4be85151"
223 verbose lastModified Fri, 01 Mar 2019 19:33:20 GMT
224 http request GET https://registry.npmjs.org/redux-thunk
225 verbose request uri https://registry.npmjs.org/react-dom
226 verbose request no auth needed
227 info attempt registry request try #1 at 8:28:38 PM
228 verbose etag W/"078a3c7ddaeac6308acede2b1c583033"
229 verbose lastModified Thu, 14 Jan 2021 07:22:03 GMT
230 http request GET https://registry.npmjs.org/react-dom
231 verbose request uri https://registry.npmjs.org/redux
232 verbose request no auth needed
233 info attempt registry request try #1 at 8:28:38 PM
234 verbose etag W/"e7616982162f58910e2232fe9fd5e82b"
235 verbose lastModified Fri, 26 Jun 2020 20:54:16 GMT
236 http request GET https://registry.npmjs.org/redux
237 verbose request uri https://registry.npmjs.org/react-redux
238 verbose request no auth needed
239 info attempt registry request try #1 at 8:28:38 PM
240 verbose etag W/"bdb5a004421eecb23a73e0f38c617c7f"
241 verbose lastModified Mon, 26 Oct 2020 22:50:24 GMT
242 http request GET https://registry.npmjs.org/react-redux
243 verbose request uri https://registry.npmjs.org/styled-jsx
244 verbose request no auth needed
245 info attempt registry request try #1 at 8:28:38 PM
246 verbose etag W/"4aea3022c2bc0e73c6e194e93f590c0d"
247 verbose lastModified Fri, 15 Jan 2021 15:34:14 GMT
248 http request GET https://registry.npmjs.org/styled-jsx
249 verbose request uri https://registry.npmjs.org/validator
250 verbose request no auth needed
251 info attempt registry request try #1 at 8:28:38 PM
252 verbose etag W/"02171e25d1e4b60d36102c4055864b2e"
253 verbose lastModified Thu, 10 Dec 2020 11:25:55 GMT
254 http request GET https://registry.npmjs.org/validator
255 http 304 https://registry.npmjs.org/morgan
256 verbose headers { date: 'Wed, 20 Jan 2021 20:28:38 GMT',
256 verbose headers   connection: 'keep-alive',
256 verbose headers   'set-cookie':
256 verbose headers    [ '__cfduid=de50bf146332333561db1304b0e02b68c1611174518; expires=Fri, 19-Feb-21 20:28:38 GMT; path=/; domain=.npmjs.org; HttpOnly; SameSite=Lax' ],
256 verbose headers   'cf-ray': '614b8b05deea112d-MAD',
256 verbose headers   age: '2105',
256 verbose headers   'cache-control': 'public, max-age=300',
256 verbose headers   etag: '"f426cc89ff0a3e18d6a5f0ce7c52378e"',
256 verbose headers   'last-modified': 'Sun, 12 Jul 2020 14:11:04 GMT',
256 verbose headers   vary: 'Accept-Encoding',
256 verbose headers   'cf-cache-status': 'HIT',
256 verbose headers   'cf-request-id': '07c31537a40000112d54a55000000001',
256 verbose headers   'expect-ct': 'max-age=604800, report-uri="https://report-uri.cloudflare.com/cdn-cgi/beacon/expect-ct"',
256 verbose headers   server: 'cloudflare' }
257 silly get cb [ 304,
257 silly get   { date: 'Wed, 20 Jan 2021 20:28:38 GMT',
257 silly get     connection: 'keep-alive',
257 silly get     'set-cookie':
257 silly get      [ '__cfduid=de50bf146332333561db1304b0e02b68c1611174518; expires=Fri, 19-Feb-21 20:28:38 GMT; path=/; domain=.npmjs.org; HttpOnly; SameSite=Lax' ],
257 silly get     'cf-ray': '614b8b05deea112d-MAD',
257 silly get     age: '2105',
257 silly get     'cache-control': 'public, max-age=300',
257 silly get     etag: '"f426cc89ff0a3e18d6a5f0ce7c52378e"',
257 silly get     'last-modified': 'Sun, 12 Jul 2020 14:11:04 GMT',
257 silly get     vary: 'Accept-Encoding',
257 silly get     'cf-cache-status': 'HIT',
257 silly get     'cf-request-id': '07c31537a40000112d54a55000000001',
257 silly get     'expect-ct': 'max-age=604800, report-uri="https://report-uri.cloudflare.com/cdn-cgi/beacon/expect-ct"',
257 silly get     server: 'cloudflare' } ]
258 verbose etag https://registry.npmjs.org/morgan from cache
259 verbose get saving morgan to /home/zakaria/.npm/registry.npmjs.org/morgan/.cache.json
260 silly resolveWithNewModule morgan@1.10.0 checking installable status
261 silly cache add args [ 'morgan@1.10.0', null ]
262 verbose cache add spec morgan@1.10.0
263 silly cache add parsed spec Result {
263 silly cache add   raw: 'morgan@1.10.0',
263 silly cache add   scope: null,
263 silly cache add   name: 'morgan',
263 silly cache add   rawSpec: '1.10.0',
263 silly cache add   spec: '1.10.0',
263 silly cache add   type: 'version' }
264 silly addNamed morgan@1.10.0
265 verbose addNamed "1.10.0" is a plain semver version for morgan
266 silly mapToRegistry name morgan
267 silly mapToRegistry using default registry
268 silly mapToRegistry registry https://registry.npmjs.org/
269 silly mapToRegistry uri https://registry.npmjs.org/morgan
270 verbose addNameVersion registry:https://registry.npmjs.org/morgan not in flight; fetching
271 http 304 https://registry.npmjs.org/cookie-parser
272 verbose headers { date: 'Wed, 20 Jan 2021 20:28:38 GMT',
272 verbose headers   connection: 'keep-alive',
272 verbose headers   'set-cookie':
272 verbose headers    [ '__cfduid=deae3c02c6ebeabac49b951a5e66d3cfd1611174518; expires=Fri, 19-Feb-21 20:28:38 GMT; path=/; domain=.npmjs.org; HttpOnly; SameSite=Lax' ],
272 verbose headers   'cf-ray': '614b8b05ef461139-MAD',
272 verbose headers   age: '4581',
272 verbose headers   'cache-control': 'public, max-age=300',
272 verbose headers   etag: '"fee07e27bb4929bc05bd46d462320fb9"',
272 verbose headers   'last-modified': 'Sun, 15 Mar 2020 04:07:20 GMT',
272 verbose headers   vary: 'Accept-Encoding',
272 verbose headers   'cf-cache-status': 'HIT',
272 verbose headers   'cf-request-id': '07c31537b600001139241e3000000001',
272 verbose headers   'expect-ct': 'max-age=604800, report-uri="https://report-uri.cloudflare.com/cdn-cgi/beacon/expect-ct"',
272 verbose headers   server: 'cloudflare' }
273 silly get cb [ 304,
273 silly get   { date: 'Wed, 20 Jan 2021 20:28:38 GMT',
273 silly get     connection: 'keep-alive',
273 silly get     'set-cookie':
273 silly get      [ '__cfduid=deae3c02c6ebeabac49b951a5e66d3cfd1611174518; expires=Fri, 19-Feb-21 20:28:38 GMT; path=/; domain=.npmjs.org; HttpOnly; SameSite=Lax' ],
273 silly get     'cf-ray': '614b8b05ef461139-MAD',
273 silly get     age: '4581',
273 silly get     'cache-control': 'public, max-age=300',
273 silly get     etag: '"fee07e27bb4929bc05bd46d462320fb9"',
273 silly get     'last-modified': 'Sun, 15 Mar 2020 04:07:20 GMT',
273 silly get     vary: 'Accept-Encoding',
273 silly get     'cf-cache-status': 'HIT',
273 silly get     'cf-request-id': '07c31537b600001139241e3000000001',
273 silly get     'expect-ct': 'max-age=604800, report-uri="https://report-uri.cloudflare.com/cdn-cgi/beacon/expect-ct"',
273 silly get     server: 'cloudflare' } ]
274 verbose etag https://registry.npmjs.org/cookie-parser from cache
275 verbose get saving cookie-parser to /home/zakaria/.npm/registry.npmjs.org/cookie-parser/.cache.json
276 http 304 https://registry.npmjs.org/express
277 verbose headers { date: 'Wed, 20 Jan 2021 20:28:38 GMT',
277 verbose headers   connection: 'keep-alive',
277 verbose headers   'set-cookie':
277 verbose headers    [ '__cfduid=de9a9e48eebd92bcd6c0bca16aa80fb841611174518; expires=Fri, 19-Feb-21 20:28:38 GMT; path=/; domain=.npmjs.org; HttpOnly; SameSite=Lax' ],
277 verbose headers   'cf-ray': '614b8b05e8971155-MAD',
277 verbose headers   age: '408',
277 verbose headers   'cache-control': 'public, max-age=300',
277 verbose headers   etag: '"b02a21fdbe09707e9f7c8992466ba40a"',
277 verbose headers   'last-modified': 'Fri, 06 Nov 2020 02:46:32 GMT',
277 verbose headers   vary: 'Accept-Encoding',
277 verbose headers   'cf-cache-status': 'HIT',
277 verbose headers   'cf-request-id': '07c31537b50000115521a33000000001',
277 verbose headers   'expect-ct': 'max-age=604800, report-uri="https://report-uri.cloudflare.com/cdn-cgi/beacon/expect-ct"',
277 verbose headers   server: 'cloudflare' }
278 silly get cb [ 304,
278 silly get   { date: 'Wed, 20 Jan 2021 20:28:38 GMT',
278 silly get     connection: 'keep-alive',
278 silly get     'set-cookie':
278 silly get      [ '__cfduid=de9a9e48eebd92bcd6c0bca16aa80fb841611174518; expires=Fri, 19-Feb-21 20:28:38 GMT; path=/; domain=.npmjs.org; HttpOnly; SameSite=Lax' ],
278 silly get     'cf-ray': '614b8b05e8971155-MAD',
278 silly get     age: '408',
278 silly get     'cache-control': 'public, max-age=300',
278 silly get     etag: '"b02a21fdbe09707e9f7c8992466ba40a"',
278 silly get     'last-modified': 'Fri, 06 Nov 2020 02:46:32 GMT',
278 silly get     vary: 'Accept-Encoding',
278 silly get     'cf-cache-status': 'HIT',
278 silly get     'cf-request-id': '07c31537b50000115521a33000000001',
278 silly get     'expect-ct': 'max-age=604800, report-uri="https://report-uri.cloudflare.com/cdn-cgi/beacon/expect-ct"',
278 silly get     server: 'cloudflare' } ]
279 verbose etag https://registry.npmjs.org/express from cache
280 verbose get saving express to /home/zakaria/.npm/registry.npmjs.org/express/.cache.json
281 http 304 https://registry.npmjs.org/react-helmet
282 verbose headers { date: 'Wed, 20 Jan 2021 20:28:38 GMT',
282 verbose headers   connection: 'keep-alive',
282 verbose headers   'set-cookie':
282 verbose headers    [ '__cfduid=d5732aecb11b282f3704fa7941f6737971611174518; expires=Fri, 19-Feb-21 20:28:38 GMT; path=/; domain=.npmjs.org; HttpOnly; SameSite=Lax' ],
282 verbose headers   'cf-ray': '614b8b05ec26ff14-MAD',
282 verbose headers   age: '6693',
282 verbose headers   'cache-control': 'public, max-age=300',
282 verbose headers   etag: '"7af5f2e7fef8a09847f6ac3cf1ca2b09"',
282 verbose headers   'last-modified': 'Wed, 19 Aug 2020 02:34:41 GMT',
282 verbose headers   vary: 'Accept-Encoding',
282 verbose headers   'cf-cache-status': 'HIT',
282 verbose headers   'cf-request-id': '07c31537b60000ff146ea7e000000001',
282 verbose headers   'expect-ct': 'max-age=604800, report-uri="https://report-uri.cloudflare.com/cdn-cgi/beacon/expect-ct"',
282 verbose headers   server: 'cloudflare' }
283 silly get cb [ 304,
283 silly get   { date: 'Wed, 20 Jan 2021 20:28:38 GMT',
283 silly get     connection: 'keep-alive',
283 silly get     'set-cookie':
283 silly get      [ '__cfduid=d5732aecb11b282f3704fa7941f6737971611174518; expires=Fri, 19-Feb-21 20:28:38 GMT; path=/; domain=.npmjs.org; HttpOnly; SameSite=Lax' ],
283 silly get     'cf-ray': '614b8b05ec26ff14-MAD',
283 silly get     age: '6693',
283 silly get     'cache-control': 'public, max-age=300',
283 silly get     etag: '"7af5f2e7fef8a09847f6ac3cf1ca2b09"',
283 silly get     'last-modified': 'Wed, 19 Aug 2020 02:34:41 GMT',
283 silly get     vary: 'Accept-Encoding',
283 silly get     'cf-cache-status': 'HIT',
283 silly get     'cf-request-id': '07c31537b60000ff146ea7e000000001',
283 silly get     'expect-ct': 'max-age=604800, report-uri="https://report-uri.cloudflare.com/cdn-cgi/beacon/expect-ct"',
283 silly get     server: 'cloudflare' } ]
284 verbose etag https://registry.npmjs.org/react-helmet from cache
285 verbose get saving react-helmet to /home/zakaria/.npm/registry.npmjs.org/react-helmet/.cache.json
286 http 304 https://registry.npmjs.org/react-google-charts
287 verbose headers { date: 'Wed, 20 Jan 2021 20:28:38 GMT',
287 verbose headers   connection: 'keep-alive',
287 verbose headers   'set-cookie':
287 verbose headers    [ '__cfduid=d1d113fc7cad4362aa01118da08c745c21611174518; expires=Fri, 19-Feb-21 20:28:38 GMT; path=/; domain=.npmjs.org; HttpOnly; SameSite=Lax' ],
287 verbose headers   'cf-ray': '614b8b05e900d67d-MAD',
287 verbose headers   age: '2589',
287 verbose headers   'cache-control': 'public, max-age=300',
287 verbose headers   etag: '"990280b36c2e1bf205e92a363d14d924"',
287 verbose headers   'last-modified': 'Fri, 30 Aug 2019 16:03:47 GMT',
287 verbose headers   vary: 'Accept-Encoding',
287 verbose headers   'cf-cache-status': 'HIT',
287 verbose headers   'cf-request-id': '07c31537b50000d67d0dbea000000001',
287 verbose headers   'expect-ct': 'max-age=604800, report-uri="https://report-uri.cloudflare.com/cdn-cgi/beacon/expect-ct"',
287 verbose headers   server: 'cloudflare' }
288 silly get cb [ 304,
288 silly get   { date: 'Wed, 20 Jan 2021 20:28:38 GMT',
288 silly get     connection: 'keep-alive',
288 silly get     'set-cookie':
288 silly get      [ '__cfduid=d1d113fc7cad4362aa01118da08c745c21611174518; expires=Fri, 19-Feb-21 20:28:38 GMT; path=/; domain=.npmjs.org; HttpOnly; SameSite=Lax' ],
288 silly get     'cf-ray': '614b8b05e900d67d-MAD',
288 silly get     age: '2589',
288 silly get     'cache-control': 'public, max-age=300',
288 silly get     etag: '"990280b36c2e1bf205e92a363d14d924"',
288 silly get     'last-modified': 'Fri, 30 Aug 2019 16:03:47 GMT',
288 silly get     vary: 'Accept-Encoding',
288 silly get     'cf-cache-status': 'HIT',
288 silly get     'cf-request-id': '07c31537b50000d67d0dbea000000001',
288 silly get     'expect-ct': 'max-age=604800, report-uri="https://report-uri.cloudflare.com/cdn-cgi/beacon/expect-ct"',
288 silly get     server: 'cloudflare' } ]
289 verbose etag https://registry.npmjs.org/react-google-charts from cache
290 verbose get saving react-google-charts to /home/zakaria/.npm/registry.npmjs.org/react-google-charts/.cache.json
291 http 304 https://registry.npmjs.org/react-dom
292 verbose headers { date: 'Wed, 20 Jan 2021 20:28:38 GMT',
292 verbose headers   connection: 'keep-alive',
292 verbose headers   'set-cookie':
292 verbose headers    [ '__cfduid=de50bf146332333561db1304b0e02b68c1611174518; expires=Fri, 19-Feb-21 20:28:38 GMT; path=/; domain=.npmjs.org; HttpOnly; SameSite=Lax' ],
292 verbose headers   'cf-ray': '614b8b05ef26112d-MAD',
292 verbose headers   age: '4225',
292 verbose headers   'cache-control': 'public, max-age=300',
292 verbose headers   etag: '"078a3c7ddaeac6308acede2b1c583033"',
292 verbose headers   'last-modified': 'Thu, 14 Jan 2021 07:22:03 GMT',
292 verbose headers   vary: 'Accept-Encoding',
292 verbose headers   'cf-cache-status': 'HIT',
292 verbose headers   'cf-request-id': '07c31537b50000112d60b99000000001',
292 verbose headers   'expect-ct': 'max-age=604800, report-uri="https://report-uri.cloudflare.com/cdn-cgi/beacon/expect-ct"',
292 verbose headers   server: 'cloudflare' }
293 silly get cb [ 304,
293 silly get   { date: 'Wed, 20 Jan 2021 20:28:38 GMT',
293 silly get     connection: 'keep-alive',
293 silly get     'set-cookie':
293 silly get      [ '__cfduid=de50bf146332333561db1304b0e02b68c1611174518; expires=Fri, 19-Feb-21 20:28:38 GMT; path=/; domain=.npmjs.org; HttpOnly; SameSite=Lax' ],
293 silly get     'cf-ray': '614b8b05ef26112d-MAD',
293 silly get     age: '4225',
293 silly get     'cache-control': 'public, max-age=300',
293 silly get     etag: '"078a3c7ddaeac6308acede2b1c583033"',
293 silly get     'last-modified': 'Thu, 14 Jan 2021 07:22:03 GMT',
293 silly get     vary: 'Accept-Encoding',
293 silly get     'cf-cache-status': 'HIT',
293 silly get     'cf-request-id': '07c31537b50000112d60b99000000001',
293 silly get     'expect-ct': 'max-age=604800, report-uri="https://report-uri.cloudflare.com/cdn-cgi/beacon/expect-ct"',
293 silly get     server: 'cloudflare' } ]
294 verbose etag https://registry.npmjs.org/react-dom from cache
295 verbose get saving react-dom to /home/zakaria/.npm/registry.npmjs.org/react-dom/.cache.json
296 http 304 https://registry.npmjs.org/react-redux
297 verbose headers { date: 'Wed, 20 Jan 2021 20:28:38 GMT',
297 verbose headers   connection: 'keep-alive',
297 verbose headers   'set-cookie':
297 verbose headers    [ '__cfduid=deceac6dcc660b247f4b0a8635be2692a1611174518; expires=Fri, 19-Feb-21 20:28:38 GMT; path=/; domain=.npmjs.org; HttpOnly; SameSite=Lax' ],
297 verbose headers   'cf-ray': '614b8b05fd45d675-MAD',
297 verbose headers   age: '1410',
297 verbose headers   'cache-control': 'public, max-age=300',
297 verbose headers   etag: '"bdb5a004421eecb23a73e0f38c617c7f"',
297 verbose headers   'last-modified': 'Mon, 26 Oct 2020 22:50:24 GMT',
297 verbose headers   vary: 'Accept-Encoding',
297 verbose headers   'cf-cache-status': 'HIT',
297 verbose headers   'cf-request-id': '07c31537be0000d675d9804000000001',
297 verbose headers   'expect-ct': 'max-age=604800, report-uri="https://report-uri.cloudflare.com/cdn-cgi/beacon/expect-ct"',
297 verbose headers   server: 'cloudflare' }
298 silly get cb [ 304,
298 silly get   { date: 'Wed, 20 Jan 2021 20:28:38 GMT',
298 silly get     connection: 'keep-alive',
298 silly get     'set-cookie':
298 silly get      [ '__cfduid=deceac6dcc660b247f4b0a8635be2692a1611174518; expires=Fri, 19-Feb-21 20:28:38 GMT; path=/; domain=.npmjs.org; HttpOnly; SameSite=Lax' ],
298 silly get     'cf-ray': '614b8b05fd45d675-MAD',
298 silly get     age: '1410',
298 silly get     'cache-control': 'public, max-age=300',
298 silly get     etag: '"bdb5a004421eecb23a73e0f38c617c7f"',
298 silly get     'last-modified': 'Mon, 26 Oct 2020 22:50:24 GMT',
298 silly get     vary: 'Accept-Encoding',
298 silly get     'cf-cache-status': 'HIT',
298 silly get     'cf-request-id': '07c31537be0000d675d9804000000001',
298 silly get     'expect-ct': 'max-age=604800, report-uri="https://report-uri.cloudflare.com/cdn-cgi/beacon/expect-ct"',
298 silly get     server: 'cloudflare' } ]
299 verbose etag https://registry.npmjs.org/react-redux from cache
300 verbose get saving react-redux to /home/zakaria/.npm/registry.npmjs.org/react-redux/.cache.json
301 http 304 https://registry.npmjs.org/axios
302 verbose headers { date: 'Wed, 20 Jan 2021 20:28:38 GMT',
302 verbose headers   connection: 'keep-alive',
302 verbose headers   'set-cookie':
302 verbose headers    [ '__cfduid=d283ec6542877efd1ee86fafacb148a581611174518; expires=Fri, 19-Feb-21 20:28:38 GMT; path=/; domain=.npmjs.org; HttpOnly; SameSite=Lax' ],
302 verbose headers   'cf-ray': '614b8b05ecc2d681-MAD',
302 verbose headers   age: '2117',
302 verbose headers   'cache-control': 'public, max-age=300',
302 verbose headers   etag: '"2093657dd5fd4d95e9e312b6a34c5692"',
302 verbose headers   'last-modified': 'Tue, 22 Dec 2020 04:23:15 GMT',
302 verbose headers   vary: 'Accept-Encoding',
302 verbose headers   'cf-cache-status': 'HIT',
302 verbose headers   'cf-request-id': '07c31537b60000d6814a3ec000000001',
302 verbose headers   'expect-ct': 'max-age=604800, report-uri="https://report-uri.cloudflare.com/cdn-cgi/beacon/expect-ct"',
302 verbose headers   server: 'cloudflare' }
303 silly get cb [ 304,
303 silly get   { date: 'Wed, 20 Jan 2021 20:28:38 GMT',
303 silly get     connection: 'keep-alive',
303 silly get     'set-cookie':
303 silly get      [ '__cfduid=d283ec6542877efd1ee86fafacb148a581611174518; expires=Fri, 19-Feb-21 20:28:38 GMT; path=/; domain=.npmjs.org; HttpOnly; SameSite=Lax' ],
303 silly get     'cf-ray': '614b8b05ecc2d681-MAD',
303 silly get     age: '2117',
303 silly get     'cache-control': 'public, max-age=300',
303 silly get     etag: '"2093657dd5fd4d95e9e312b6a34c5692"',
303 silly get     'last-modified': 'Tue, 22 Dec 2020 04:23:15 GMT',
303 silly get     vary: 'Accept-Encoding',
303 silly get     'cf-cache-status': 'HIT',
303 silly get     'cf-request-id': '07c31537b60000d6814a3ec000000001',
303 silly get     'expect-ct': 'max-age=604800, report-uri="https://report-uri.cloudflare.com/cdn-cgi/beacon/expect-ct"',
303 silly get     server: 'cloudflare' } ]
304 verbose etag https://registry.npmjs.org/axios from cache
305 verbose get saving axios to /home/zakaria/.npm/registry.npmjs.org/axios/.cache.json
306 verbose get https://registry.npmjs.org/morgan not expired, no request
307 http 304 https://registry.npmjs.org/gql-query-builder
308 verbose headers { date: 'Wed, 20 Jan 2021 20:28:38 GMT',
308 verbose headers   connection: 'keep-alive',
308 verbose headers   'set-cookie':
308 verbose headers    [ '__cfduid=d5443b9ac53c0e7ea693a18c106375a991611174518; expires=Fri, 19-Feb-21 20:28:38 GMT; path=/; domain=.npmjs.org; HttpOnly; SameSite=Lax' ],
308 verbose headers   'cf-ray': '614b8b05fd9cff2c-MAD',
308 verbose headers   age: '2589',
308 verbose headers   'cache-control': 'public, max-age=300',
308 verbose headers   etag: '"d01312c517af696ac9b67799240ce2a8"',
308 verbose headers   'last-modified': 'Sun, 20 Dec 2020 09:26:24 GMT',
308 verbose headers   vary: 'Accept-Encoding',
308 verbose headers   'cf-cache-status': 'HIT',
308 verbose headers   'cf-request-id': '07c31537be0000ff2c113a0000000001',
308 verbose headers   'expect-ct': 'max-age=604800, report-uri="https://report-uri.cloudflare.com/cdn-cgi/beacon/expect-ct"',
308 verbose headers   server: 'cloudflare' }
309 silly get cb [ 304,
309 silly get   { date: 'Wed, 20 Jan 2021 20:28:38 GMT',
309 silly get     connection: 'keep-alive',
309 silly get     'set-cookie':
309 silly get      [ '__cfduid=d5443b9ac53c0e7ea693a18c106375a991611174518; expires=Fri, 19-Feb-21 20:28:38 GMT; path=/; domain=.npmjs.org; HttpOnly; SameSite=Lax' ],
309 silly get     'cf-ray': '614b8b05fd9cff2c-MAD',
309 silly get     age: '2589',
309 silly get     'cache-control': 'public, max-age=300',
309 silly get     etag: '"d01312c517af696ac9b67799240ce2a8"',
309 silly get     'last-modified': 'Sun, 20 Dec 2020 09:26:24 GMT',
309 silly get     vary: 'Accept-Encoding',
309 silly get     'cf-cache-status': 'HIT',
309 silly get     'cf-request-id': '07c31537be0000ff2c113a0000000001',
309 silly get     'expect-ct': 'max-age=604800, report-uri="https://report-uri.cloudflare.com/cdn-cgi/beacon/expect-ct"',
309 silly get     server: 'cloudflare' } ]
310 verbose etag https://registry.npmjs.org/gql-query-builder from cache
311 verbose get saving gql-query-builder to /home/zakaria/.npm/registry.npmjs.org/gql-query-builder/.cache.json
312 http 304 https://registry.npmjs.org/validator
313 verbose headers { date: 'Wed, 20 Jan 2021 20:28:38 GMT',
313 verbose headers   connection: 'keep-alive',
313 verbose headers   'set-cookie':
313 verbose headers    [ '__cfduid=d986c534cb153d0d681da4b1d284b59101611174518; expires=Fri, 19-Feb-21 20:28:38 GMT; path=/; domain=.npmjs.org; HttpOnly; SameSite=Lax' ],
313 verbose headers   'cf-ray': '614b8b05f9e6ff1c-MAD',
313 verbose headers   age: '6908',
313 verbose headers   'cache-control': 'public, max-age=300',
313 verbose headers   etag: '"02171e25d1e4b60d36102c4055864b2e"',
313 verbose headers   'last-modified': 'Thu, 10 Dec 2020 11:25:55 GMT',
313 verbose headers   vary: 'Accept-Encoding',
313 verbose headers   'cf-cache-status': 'HIT',
313 verbose headers   'cf-request-id': '07c31537bf0000ff1c17ae1000000001',
313 verbose headers   'expect-ct': 'max-age=604800, report-uri="https://report-uri.cloudflare.com/cdn-cgi/beacon/expect-ct"',
313 verbose headers   server: 'cloudflare' }
314 silly get cb [ 304,
314 silly get   { date: 'Wed, 20 Jan 2021 20:28:38 GMT',
314 silly get     connection: 'keep-alive',
314 silly get     'set-cookie':
314 silly get      [ '__cfduid=d986c534cb153d0d681da4b1d284b59101611174518; expires=Fri, 19-Feb-21 20:28:38 GMT; path=/; domain=.npmjs.org; HttpOnly; SameSite=Lax' ],
314 silly get     'cf-ray': '614b8b05f9e6ff1c-MAD',
314 silly get     age: '6908',
314 silly get     'cache-control': 'public, max-age=300',
314 silly get     etag: '"02171e25d1e4b60d36102c4055864b2e"',
314 silly get     'last-modified': 'Thu, 10 Dec 2020 11:25:55 GMT',
314 silly get     vary: 'Accept-Encoding',
314 silly get     'cf-cache-status': 'HIT',
314 silly get     'cf-request-id': '07c31537bf0000ff1c17ae1000000001',
314 silly get     'expect-ct': 'max-age=604800, report-uri="https://report-uri.cloudflare.com/cdn-cgi/beacon/expect-ct"',
314 silly get     server: 'cloudflare' } ]
315 verbose etag https://registry.npmjs.org/validator from cache
316 verbose get saving validator to /home/zakaria/.npm/registry.npmjs.org/validator/.cache.json
317 http 304 https://registry.npmjs.org/redux-thunk
318 verbose headers { date: 'Wed, 20 Jan 2021 20:28:38 GMT',
318 verbose headers   connection: 'keep-alive',
318 verbose headers   'set-cookie':
318 verbose headers    [ '__cfduid=db32008699c35264f72e260f09d49e4fc1611174518; expires=Fri, 19-Feb-21 20:28:38 GMT; path=/; domain=.npmjs.org; HttpOnly; SameSite=Lax' ],
318 verbose headers   'cf-ray': '614b8b05f93e14f1-MAD',
318 verbose headers   age: '5368',
318 verbose headers   'cache-control': 'public, max-age=300',
318 verbose headers   etag: '"cc72fa529c7d9bfca25bcbae4be85151"',
318 verbose headers   'last-modified': 'Fri, 01 Mar 2019 19:33:20 GMT',
318 verbose headers   vary: 'Accept-Encoding',
318 verbose headers   'cf-cache-status': 'HIT',
318 verbose headers   'cf-request-id': '07c31537be000014f186056000000001',
318 verbose headers   'expect-ct': 'max-age=604800, report-uri="https://report-uri.cloudflare.com/cdn-cgi/beacon/expect-ct"',
318 verbose headers   server: 'cloudflare' }
319 silly get cb [ 304,
319 silly get   { date: 'Wed, 20 Jan 2021 20:28:38 GMT',
319 silly get     connection: 'keep-alive',
319 silly get     'set-cookie':
319 silly get      [ '__cfduid=db32008699c35264f72e260f09d49e4fc1611174518; expires=Fri, 19-Feb-21 20:28:38 GMT; path=/; domain=.npmjs.org; HttpOnly; SameSite=Lax' ],
319 silly get     'cf-ray': '614b8b05f93e14f1-MAD',
319 silly get     age: '5368',
319 silly get     'cache-control': 'public, max-age=300',
319 silly get     etag: '"cc72fa529c7d9bfca25bcbae4be85151"',
319 silly get     'last-modified': 'Fri, 01 Mar 2019 19:33:20 GMT',
319 silly get     vary: 'Accept-Encoding',
319 silly get     'cf-cache-status': 'HIT',
319 silly get     'cf-request-id': '07c31537be000014f186056000000001',
319 silly get     'expect-ct': 'max-age=604800, report-uri="https://report-uri.cloudflare.com/cdn-cgi/beacon/expect-ct"',
319 silly get     server: 'cloudflare' } ]
320 verbose etag https://registry.npmjs.org/redux-thunk from cache
321 verbose get saving redux-thunk to /home/zakaria/.npm/registry.npmjs.org/redux-thunk/.cache.json
322 http 304 https://registry.npmjs.org/styled-jsx
323 verbose headers { date: 'Wed, 20 Jan 2021 20:28:38 GMT',
323 verbose headers   connection: 'keep-alive',
323 verbose headers   'set-cookie':
323 verbose headers    [ '__cfduid=d542d802a399f6cccbb01b6a38aa33e9b1611174518; expires=Fri, 19-Feb-21 20:28:38 GMT; path=/; domain=.npmjs.org; HttpOnly; SameSite=Lax' ],
323 verbose headers   'cf-ray': '614b8b060996150d-MAD',
323 verbose headers   age: '6095',
323 verbose headers   'cache-control': 'public, max-age=300',
323 verbose headers   etag: '"4aea3022c2bc0e73c6e194e93f590c0d"',
323 verbose headers   'last-modified': 'Fri, 15 Jan 2021 15:34:14 GMT',
323 verbose headers   vary: 'Accept-Encoding',
323 verbose headers   'cf-cache-status': 'HIT',
323 verbose headers   'cf-request-id': '07c31537c80000150dda163000000001',
323 verbose headers   'expect-ct': 'max-age=604800, report-uri="https://report-uri.cloudflare.com/cdn-cgi/beacon/expect-ct"',
323 verbose headers   server: 'cloudflare' }
324 silly get cb [ 304,
324 silly get   { date: 'Wed, 20 Jan 2021 20:28:38 GMT',
324 silly get     connection: 'keep-alive',
324 silly get     'set-cookie':
324 silly get      [ '__cfduid=d542d802a399f6cccbb01b6a38aa33e9b1611174518; expires=Fri, 19-Feb-21 20:28:38 GMT; path=/; domain=.npmjs.org; HttpOnly; SameSite=Lax' ],
324 silly get     'cf-ray': '614b8b060996150d-MAD',
324 silly get     age: '6095',
324 silly get     'cache-control': 'public, max-age=300',
324 silly get     etag: '"4aea3022c2bc0e73c6e194e93f590c0d"',
324 silly get     'last-modified': 'Fri, 15 Jan 2021 15:34:14 GMT',
324 silly get     vary: 'Accept-Encoding',
324 silly get     'cf-cache-status': 'HIT',
324 silly get     'cf-request-id': '07c31537c80000150dda163000000001',
324 silly get     'expect-ct': 'max-age=604800, report-uri="https://report-uri.cloudflare.com/cdn-cgi/beacon/expect-ct"',
324 silly get     server: 'cloudflare' } ]
325 verbose etag https://registry.npmjs.org/styled-jsx from cache
326 verbose get saving styled-jsx to /home/zakaria/.npm/registry.npmjs.org/styled-jsx/.cache.json
327 http 304 https://registry.npmjs.org/react-router-dom
328 verbose headers { date: 'Wed, 20 Jan 2021 20:28:38 GMT',
328 verbose headers   connection: 'keep-alive',
328 verbose headers   'set-cookie':
328 verbose headers    [ '__cfduid=d92340c541086060f78da86130960b3ca1611174518; expires=Fri, 19-Feb-21 20:28:38 GMT; path=/; domain=.npmjs.org; HttpOnly; SameSite=Lax' ],
328 verbose headers   'cf-ray': '614b8b05ffffff4c-MAD',
328 verbose headers   age: '6555',
328 verbose headers   'cache-control': 'public, max-age=300',
328 verbose headers   etag: '"41807de180036e00c240ef76a9216088"',
328 verbose headers   'last-modified': 'Fri, 19 Jun 2020 23:05:33 GMT',
328 verbose headers   vary: 'Accept-Encoding',
328 verbose headers   'cf-cache-status': 'HIT',
328 verbose headers   'cf-request-id': '07c31537bd0000ff4c99203000000001',
328 verbose headers   'expect-ct': 'max-age=604800, report-uri="https://report-uri.cloudflare.com/cdn-cgi/beacon/expect-ct"',
328 verbose headers   server: 'cloudflare' }
329 silly get cb [ 304,
329 silly get   { date: 'Wed, 20 Jan 2021 20:28:38 GMT',
329 silly get     connection: 'keep-alive',
329 silly get     'set-cookie':
329 silly get      [ '__cfduid=d92340c541086060f78da86130960b3ca1611174518; expires=Fri, 19-Feb-21 20:28:38 GMT; path=/; domain=.npmjs.org; HttpOnly; SameSite=Lax' ],
329 silly get     'cf-ray': '614b8b05ffffff4c-MAD',
329 silly get     age: '6555',
329 silly get     'cache-control': 'public, max-age=300',
329 silly get     etag: '"41807de180036e00c240ef76a9216088"',
329 silly get     'last-modified': 'Fri, 19 Jun 2020 23:05:33 GMT',
329 silly get     vary: 'Accept-Encoding',
329 silly get     'cf-cache-status': 'HIT',
329 silly get     'cf-request-id': '07c31537bd0000ff4c99203000000001',
329 silly get     'expect-ct': 'max-age=604800, report-uri="https://report-uri.cloudflare.com/cdn-cgi/beacon/expect-ct"',
329 silly get     server: 'cloudflare' } ]
330 verbose etag https://registry.npmjs.org/react-router-dom from cache
331 verbose get saving react-router-dom to /home/zakaria/.npm/registry.npmjs.org/react-router-dom/.cache.json
332 http 304 https://registry.npmjs.org/@material-ui%2fcore
333 verbose headers { date: 'Wed, 20 Jan 2021 20:28:38 GMT',
333 verbose headers   connection: 'keep-alive',
333 verbose headers   'set-cookie':
333 verbose headers    [ '__cfduid=d37407c2094d69fb0dffcd5c2e5c6d4021611174518; expires=Fri, 19-Feb-21 20:28:38 GMT; path=/; domain=.npmjs.org; HttpOnly; SameSite=Lax' ],
333 verbose headers   'cf-ray': '614b8b05ec6f1501-MAD',
333 verbose headers   age: '2869',
333 verbose headers   'cache-control': 'public, max-age=300',
333 verbose headers   etag: '"0dce39dc3ee0f8f53dae8e67cb451f10"',
333 verbose headers   'last-modified': 'Thu, 14 Jan 2021 12:50:47 GMT',
333 verbose headers   vary: 'Accept-Encoding',
333 verbose headers   'cf-cache-status': 'HIT',
333 verbose headers   'cf-request-id': '07c31537b500001501391ba000000001',
333 verbose headers   'expect-ct': 'max-age=604800, report-uri="https://report-uri.cloudflare.com/cdn-cgi/beacon/expect-ct"',
333 verbose headers   server: 'cloudflare' }
334 silly get cb [ 304,
334 silly get   { date: 'Wed, 20 Jan 2021 20:28:38 GMT',
334 silly get     connection: 'keep-alive',
334 silly get     'set-cookie':
334 silly get      [ '__cfduid=d37407c2094d69fb0dffcd5c2e5c6d4021611174518; expires=Fri, 19-Feb-21 20:28:38 GMT; path=/; domain=.npmjs.org; HttpOnly; SameSite=Lax' ],
334 silly get     'cf-ray': '614b8b05ec6f1501-MAD',
334 silly get     age: '2869',
334 silly get     'cache-control': 'public, max-age=300',
334 silly get     etag: '"0dce39dc3ee0f8f53dae8e67cb451f10"',
334 silly get     'last-modified': 'Thu, 14 Jan 2021 12:50:47 GMT',
334 silly get     vary: 'Accept-Encoding',
334 silly get     'cf-cache-status': 'HIT',
334 silly get     'cf-request-id': '07c31537b500001501391ba000000001',
334 silly get     'expect-ct': 'max-age=604800, report-uri="https://report-uri.cloudflare.com/cdn-cgi/beacon/expect-ct"',
334 silly get     server: 'cloudflare' } ]
335 verbose etag https://registry.npmjs.org/@material-ui%2fcore from cache
336 verbose get saving @material-ui/core to /home/zakaria/.npm/registry.npmjs.org/_40material-ui_252fcore/.cache.json
337 http 304 https://registry.npmjs.org/redux
338 verbose headers { date: 'Wed, 20 Jan 2021 20:28:38 GMT',
338 verbose headers   connection: 'keep-alive',
338 verbose headers   'set-cookie':
338 verbose headers    [ '__cfduid=d3e78092ba267d08375b5694935bb7b5f1611174518; expires=Fri, 19-Feb-21 20:28:38 GMT; path=/; domain=.npmjs.org; HttpOnly; SameSite=Lax' ],
338 verbose headers   'cf-ray': '614b8b05ff02d685-MAD',
338 verbose headers   age: '1976',
338 verbose headers   'cache-control': 'public, max-age=300',
338 verbose headers   etag: '"e7616982162f58910e2232fe9fd5e82b"',
338 verbose headers   'last-modified': 'Fri, 26 Jun 2020 20:54:16 GMT',
338 verbose headers   vary: 'Accept-Encoding',
338 verbose headers   'cf-cache-status': 'HIT',
338 verbose headers   'cf-request-id': '07c31537be0000d685461ad000000001',
338 verbose headers   'expect-ct': 'max-age=604800, report-uri="https://report-uri.cloudflare.com/cdn-cgi/beacon/expect-ct"',
338 verbose headers   server: 'cloudflare' }
339 silly get cb [ 304,
339 silly get   { date: 'Wed, 20 Jan 2021 20:28:38 GMT',
339 silly get     connection: 'keep-alive',
339 silly get     'set-cookie':
339 silly get      [ '__cfduid=d3e78092ba267d08375b5694935bb7b5f1611174518; expires=Fri, 19-Feb-21 20:28:38 GMT; path=/; domain=.npmjs.org; HttpOnly; SameSite=Lax' ],
339 silly get     'cf-ray': '614b8b05ff02d685-MAD',
339 silly get     age: '1976',
339 silly get     'cache-control': 'public, max-age=300',
339 silly get     etag: '"e7616982162f58910e2232fe9fd5e82b"',
339 silly get     'last-modified': 'Fri, 26 Jun 2020 20:54:16 GMT',
339 silly get     vary: 'Accept-Encoding',
339 silly get     'cf-cache-status': 'HIT',
339 silly get     'cf-request-id': '07c31537be0000d685461ad000000001',
339 silly get     'expect-ct': 'max-age=604800, report-uri="https://report-uri.cloudflare.com/cdn-cgi/beacon/expect-ct"',
339 silly get     server: 'cloudflare' } ]
340 verbose etag https://registry.npmjs.org/redux from cache
341 verbose get saving redux to /home/zakaria/.npm/registry.npmjs.org/redux/.cache.json
342 http 304 https://registry.npmjs.org/react
343 verbose headers { date: 'Wed, 20 Jan 2021 20:28:38 GMT',
343 verbose headers   connection: 'keep-alive',
343 verbose headers   'set-cookie':
343 verbose headers    [ '__cfduid=de0c58565372a86ee5eca81771cd13b521611174518; expires=Fri, 19-Feb-21 20:28:38 GMT; path=/; domain=.npmjs.org; HttpOnly; SameSite=Lax' ],
343 verbose headers   'cf-ray': '614b8b05e9fac667-MAD',
343 verbose headers   age: '2152',
343 verbose headers   'cache-control': 'public, max-age=300',
343 verbose headers   etag: '"22ce78c48ca22349b76d881e5a91813e"',
343 verbose headers   'last-modified': 'Thu, 14 Jan 2021 07:22:03 GMT',
343 verbose headers   vary: 'Accept-Encoding',
343 verbose headers   'cf-cache-status': 'HIT',
343 verbose headers   'cf-request-id': '07c31537b50000c667c415e000000001',
343 verbose headers   'expect-ct': 'max-age=604800, report-uri="https://report-uri.cloudflare.com/cdn-cgi/beacon/expect-ct"',
343 verbose headers   server: 'cloudflare' }
344 silly get cb [ 304,
344 silly get   { date: 'Wed, 20 Jan 2021 20:28:38 GMT',
344 silly get     connection: 'keep-alive',
344 silly get     'set-cookie':
344 silly get      [ '__cfduid=de0c58565372a86ee5eca81771cd13b521611174518; expires=Fri, 19-Feb-21 20:28:38 GMT; path=/; domain=.npmjs.org; HttpOnly; SameSite=Lax' ],
344 silly get     'cf-ray': '614b8b05e9fac667-MAD',
344 silly get     age: '2152',
344 silly get     'cache-control': 'public, max-age=300',
344 silly get     etag: '"22ce78c48ca22349b76d881e5a91813e"',
344 silly get     'last-modified': 'Thu, 14 Jan 2021 07:22:03 GMT',
344 silly get     vary: 'Accept-Encoding',
344 silly get     'cf-cache-status': 'HIT',
344 silly get     'cf-request-id': '07c31537b50000c667c415e000000001',
344 silly get     'expect-ct': 'max-age=604800, report-uri="https://report-uri.cloudflare.com/cdn-cgi/beacon/expect-ct"',
344 silly get     server: 'cloudflare' } ]
345 verbose etag https://registry.npmjs.org/react from cache
346 verbose get saving react to /home/zakaria/.npm/registry.npmjs.org/react/.cache.json
347 http 304 https://registry.npmjs.org/js-cookie
348 verbose headers { date: 'Wed, 20 Jan 2021 20:28:38 GMT',
348 verbose headers   connection: 'keep-alive',
348 verbose headers   'set-cookie':
348 verbose headers    [ '__cfduid=dce1e9b3be19a0f3ff099059a73799e191611174518; expires=Fri, 19-Feb-21 20:28:38 GMT; path=/; domain=.npmjs.org; HttpOnly; SameSite=Lax' ],
348 verbose headers   'cf-ray': '614b8b05fc68115d-MAD',
348 verbose headers   age: '22',
348 verbose headers   'cache-control': 'public, max-age=300',
348 verbose headers   etag: '"4afc459a560f5d4d98a26b9bcb9bff0a"',
348 verbose headers   'last-modified': 'Tue, 08 Sep 2020 13:10:17 GMT',
348 verbose headers   vary: 'Accept-Encoding',
348 verbose headers   'cf-cache-status': 'HIT',
348 verbose headers   'cf-request-id': '07c31537bf0000115d0107f000000001',
348 verbose headers   'expect-ct': 'max-age=604800, report-uri="https://report-uri.cloudflare.com/cdn-cgi/beacon/expect-ct"',
348 verbose headers   server: 'cloudflare' }
349 silly get cb [ 304,
349 silly get   { date: 'Wed, 20 Jan 2021 20:28:38 GMT',
349 silly get     connection: 'keep-alive',
349 silly get     'set-cookie':
349 silly get      [ '__cfduid=dce1e9b3be19a0f3ff099059a73799e191611174518; expires=Fri, 19-Feb-21 20:28:38 GMT; path=/; domain=.npmjs.org; HttpOnly; SameSite=Lax' ],
349 silly get     'cf-ray': '614b8b05fc68115d-MAD',
349 silly get     age: '22',
349 silly get     'cache-control': 'public, max-age=300',
349 silly get     etag: '"4afc459a560f5d4d98a26b9bcb9bff0a"',
349 silly get     'last-modified': 'Tue, 08 Sep 2020 13:10:17 GMT',
349 silly get     vary: 'Accept-Encoding',
349 silly get     'cf-cache-status': 'HIT',
349 silly get     'cf-request-id': '07c31537bf0000115d0107f000000001',
349 silly get     'expect-ct': 'max-age=604800, report-uri="https://report-uri.cloudflare.com/cdn-cgi/beacon/expect-ct"',
349 silly get     server: 'cloudflare' } ]
350 verbose etag https://registry.npmjs.org/js-cookie from cache
351 verbose get saving js-cookie to /home/zakaria/.npm/registry.npmjs.org/js-cookie/.cache.json
352 http 304 https://registry.npmjs.org/body-parser
353 verbose headers { date: 'Wed, 20 Jan 2021 20:28:38 GMT',
353 verbose headers   connection: 'keep-alive',
353 verbose headers   'set-cookie':
353 verbose headers    [ '__cfduid=d2b03a9ec201e7344446e5ab71798459a1611174518; expires=Fri, 19-Feb-21 20:28:38 GMT; path=/; domain=.npmjs.org; HttpOnly; SameSite=Lax' ],
353 verbose headers   'cf-ray': '614b8b05eb8ad679-MAD',
353 verbose headers   age: '2537',
353 verbose headers   'cache-control': 'public, max-age=300',
353 verbose headers   etag: '"69165633b8917311c8a5b29b5aa3a438"',
353 verbose headers   'last-modified': 'Fri, 29 Nov 2019 09:32:45 GMT',
353 verbose headers   vary: 'Accept-Encoding',
353 verbose headers   'cf-cache-status': 'HIT',
353 verbose headers   'cf-request-id': '07c31537bd0000d67960360000000001',
353 verbose headers   'expect-ct': 'max-age=604800, report-uri="https://report-uri.cloudflare.com/cdn-cgi/beacon/expect-ct"',
353 verbose headers   server: 'cloudflare' }
354 silly get cb [ 304,
354 silly get   { date: 'Wed, 20 Jan 2021 20:28:38 GMT',
354 silly get     connection: 'keep-alive',
354 silly get     'set-cookie':
354 silly get      [ '__cfduid=d2b03a9ec201e7344446e5ab71798459a1611174518; expires=Fri, 19-Feb-21 20:28:38 GMT; path=/; domain=.npmjs.org; HttpOnly; SameSite=Lax' ],
354 silly get     'cf-ray': '614b8b05eb8ad679-MAD',
354 silly get     age: '2537',
354 silly get     'cache-control': 'public, max-age=300',
354 silly get     etag: '"69165633b8917311c8a5b29b5aa3a438"',
354 silly get     'last-modified': 'Fri, 29 Nov 2019 09:32:45 GMT',
354 silly get     vary: 'Accept-Encoding',
354 silly get     'cf-cache-status': 'HIT',
354 silly get     'cf-request-id': '07c31537bd0000d67960360000000001',
354 silly get     'expect-ct': 'max-age=604800, report-uri="https://report-uri.cloudflare.com/cdn-cgi/beacon/expect-ct"',
354 silly get     server: 'cloudflare' } ]
355 verbose etag https://registry.npmjs.org/body-parser from cache
356 verbose get saving body-parser to /home/zakaria/.npm/registry.npmjs.org/body-parser/.cache.json
357 silly resolveWithNewModule cookie-parser@1.4.5 checking installable status
358 silly cache add args [ 'cookie-parser@^1.4.5', null ]
359 verbose cache add spec cookie-parser@^1.4.5
360 silly cache add parsed spec Result {
360 silly cache add   raw: 'cookie-parser@^1.4.5',
360 silly cache add   scope: null,
360 silly cache add   name: 'cookie-parser',
360 silly cache add   rawSpec: '^1.4.5',
360 silly cache add   spec: '>=1.4.5 <2.0.0',
360 silly cache add   type: 'range' }
361 silly addNamed cookie-parser@>=1.4.5 <2.0.0
362 verbose addNamed ">=1.4.5 <2.0.0" is a valid semver range for cookie-parser
363 silly addNameRange { name: 'cookie-parser',
363 silly addNameRange   range: '>=1.4.5 <2.0.0',
363 silly addNameRange   hasData: false }
364 silly mapToRegistry name cookie-parser
365 silly mapToRegistry using default registry
366 silly mapToRegistry registry https://registry.npmjs.org/
367 silly mapToRegistry uri https://registry.npmjs.org/cookie-parser
368 verbose addNameRange registry:https://registry.npmjs.org/cookie-parser not in flight; fetching
369 http 304 https://registry.npmjs.org/prop-types
370 verbose headers { date: 'Wed, 20 Jan 2021 20:28:38 GMT',
370 verbose headers   connection: 'keep-alive',
370 verbose headers   'set-cookie':
370 verbose headers    [ '__cfduid=d3e78092ba267d08375b5694935bb7b5f1611174518; expires=Fri, 19-Feb-21 20:28:38 GMT; path=/; domain=.npmjs.org; HttpOnly; SameSite=Lax' ],
370 verbose headers   'cf-ray': '614b8b061f3ad685-MAD',
370 verbose headers   age: '2273',
370 verbose headers   'cache-control': 'public, max-age=300',
370 verbose headers   etag: '"c63058c9bdd2745da8d68a9c4f42150c"',
370 verbose headers   'last-modified': 'Sat, 13 Jun 2020 18:10:02 GMT',
370 verbose headers   vary: 'Accept-Encoding',
370 verbose headers   'cf-cache-status': 'HIT',
370 verbose headers   'cf-request-id': '07c31537ce0000d685343ad000000001',
370 verbose headers   'expect-ct': 'max-age=604800, report-uri="https://report-uri.cloudflare.com/cdn-cgi/beacon/expect-ct"',
370 verbose headers   server: 'cloudflare' }
371 silly get cb [ 304,
371 silly get   { date: 'Wed, 20 Jan 2021 20:28:38 GMT',
371 silly get     connection: 'keep-alive',
371 silly get     'set-cookie':
371 silly get      [ '__cfduid=d3e78092ba267d08375b5694935bb7b5f1611174518; expires=Fri, 19-Feb-21 20:28:38 GMT; path=/; domain=.npmjs.org; HttpOnly; SameSite=Lax' ],
371 silly get     'cf-ray': '614b8b061f3ad685-MAD',
371 silly get     age: '2273',
371 silly get     'cache-control': 'public, max-age=300',
371 silly get     etag: '"c63058c9bdd2745da8d68a9c4f42150c"',
371 silly get     'last-modified': 'Sat, 13 Jun 2020 18:10:02 GMT',
371 silly get     vary: 'Accept-Encoding',
371 silly get     'cf-cache-status': 'HIT',
371 silly get     'cf-request-id': '07c31537ce0000d685343ad000000001',
371 silly get     'expect-ct': 'max-age=604800, report-uri="https://report-uri.cloudflare.com/cdn-cgi/beacon/expect-ct"',
371 silly get     server: 'cloudflare' } ]
372 verbose etag https://registry.npmjs.org/prop-types from cache
373 verbose get saving prop-types to /home/zakaria/.npm/registry.npmjs.org/prop-types/.cache.json
374 silly resolveWithNewModule react-helmet@6.1.0 checking installable status
375 silly cache add args [ 'react-helmet@^6.1.0', null ]
376 verbose cache add spec react-helmet@^6.1.0
377 silly cache add parsed spec Result {
377 silly cache add   raw: 'react-helmet@^6.1.0',
377 silly cache add   scope: null,
377 silly cache add   name: 'react-helmet',
377 silly cache add   rawSpec: '^6.1.0',
377 silly cache add   spec: '>=6.1.0 <7.0.0',
377 silly cache add   type: 'range' }
378 silly addNamed react-helmet@>=6.1.0 <7.0.0
379 verbose addNamed ">=6.1.0 <7.0.0" is a valid semver range for react-helmet
380 silly addNameRange { name: 'react-helmet', range: '>=6.1.0 <7.0.0', hasData: false }
381 silly mapToRegistry name react-helmet
382 silly mapToRegistry using default registry
383 silly mapToRegistry registry https://registry.npmjs.org/
384 silly mapToRegistry uri https://registry.npmjs.org/react-helmet
385 verbose addNameRange registry:https://registry.npmjs.org/react-helmet not in flight; fetching
386 verbose stack Error: Missing required argument #1
386 verbose stack     at andLogAndFinish (/usr/share/npm/lib/fetch-package-metadata.js:31:3)
386 verbose stack     at fetchPackageMetadata (/usr/share/npm/lib/fetch-package-metadata.js:51:22)
386 verbose stack     at resolveWithNewModule (/usr/share/npm/lib/install/deps.js:456:12)
386 verbose stack     at /usr/share/npm/lib/install/deps.js:457:7
386 verbose stack     at /usr/share/npm/node_modules/iferr/index.js:13:50
386 verbose stack     at /usr/share/npm/lib/fetch-package-metadata.js:37:12
386 verbose stack     at addRequestedAndFinish (/usr/share/npm/lib/fetch-package-metadata.js:82:5)
386 verbose stack     at returnAndAddMetadata (/usr/share/npm/lib/fetch-package-metadata.js:117:7)
386 verbose stack     at pickVersionFromRegistryDocument (/usr/share/npm/lib/fetch-package-metadata.js:134:20)
386 verbose stack     at /usr/share/npm/node_modules/iferr/index.js:13:50
387 verbose cwd /home/zakaria/central_agricole/code/web
388 error Linux 5.0.0-1016-oem-osp1
389 error argv "/usr/bin/node" "/usr/bin/npm" "install"
390 error node v8.10.0
391 error npm  v3.5.2
392 error code EMISSINGARG
393 error typeerror Error: Missing required argument #1
393 error typeerror     at andLogAndFinish (/usr/share/npm/lib/fetch-package-metadata.js:31:3)
393 error typeerror     at fetchPackageMetadata (/usr/share/npm/lib/fetch-package-metadata.js:51:22)
393 error typeerror     at resolveWithNewModule (/usr/share/npm/lib/install/deps.js:456:12)
393 error typeerror     at /usr/share/npm/lib/install/deps.js:457:7
393 error typeerror     at /usr/share/npm/node_modules/iferr/index.js:13:50
393 error typeerror     at /usr/share/npm/lib/fetch-package-metadata.js:37:12
393 error typeerror     at addRequestedAndFinish (/usr/share/npm/lib/fetch-package-metadata.js:82:5)
393 error typeerror     at returnAndAddMetadata (/usr/share/npm/lib/fetch-package-metadata.js:117:7)
393 error typeerror     at pickVersionFromRegistryDocument (/usr/share/npm/lib/fetch-package-metadata.js:134:20)
393 error typeerror     at /usr/share/npm/node_modules/iferr/index.js:13:50
394 error typeerror This is an error with npm itself. Please report this error at:
394 error typeerror     <http://github.com/npm/npm/issues>
395 verbose exit [ 1, true ]
